2026-05-13 11:35:24,345 - INFO - Product data extraction started.....
2026-05-13 11:35:24,744 - INFO - Product data extraction finished and loaded into staging area....
2026-05-13 11:35:24,745 - INFO - Sales data extraction started.....
2026-05-13 11:35:24,832 - INFO - Sales data extraction finished and loaded into staging area....
2026-05-13 11:35:24,833 - INFO - Inventory data extraction started.....
2026-05-13 11:35:24,923 - INFO - Inventory data extraction finished and loaded into staging area....
2026-05-13 11:35:24,923 - INFO - Supplier data extraction started.....
2026-05-13 11:35:24,993 - INFO - Supplier data extraction finished and loaded into staging area....
2026-05-13 14:19:03,783 - INFO - Product data extraction started.....
2026-05-13 14:22:47,649 - INFO - Product data extraction started.....
2026-05-13 14:24:43,657 - INFO - Product data extraction started.....
2026-05-13 14:26:59,457 - INFO - Product data extraction started.....
2026-05-13 14:26:59,702 - INFO - Product data extraction finished and loaded into staging area....
2026-05-13 14:27:23,076 - INFO - Sales data extraction started.....
2026-05-13 14:27:23,172 - INFO - Sales data extraction finished and loaded into staging area....
2026-05-13 14:27:23,173 - INFO - Inventory data extraction started.....
2026-05-13 14:28:25,251 - INFO - Inventory data extraction started.....
2026-05-13 14:28:25,342 - INFO - Inventory data extraction finished and loaded into staging area....
2026-05-13 14:28:25,342 - INFO - Supplier data extraction started.....
2026-05-13 14:28:25,401 - INFO - Supplier data extraction finished and loaded into staging area....
